<?xml version="1.0" encoding="UTF-8"?>
<!-- Generated by org.testng.reporters.JUnitReportReporter -->
<testsuite hostname="LAPTOP-F182V4GL" failures="0" tests="1" name="runner.TestRunner" time="15.369" errors="0" timestamp="2025-02-24T16:02:48 PST" skipped="0">
  <testcase classname="runner.TestRunner" name="runScenario" time="15.369"/>
  <system-out/>
</testsuite> <!-- runner.TestRunner -->
