<?xml version="1.0" encoding="UTF-8"?>
<!-- Generated by org.testng.reporters.JUnitReportReporter -->
<testsuite hostname="LAPTOP-F182V4GL" failures="0" tests="2" name="runner.TestRunner" time="8.504" errors="0" timestamp="2025-02-24T10:18:16 PST" skipped="0">
  <testcase classname="runner.TestRunner" name="runScenario" time="3.506"/>
  <testcase classname="runner.TestRunner" name="runScenario" time="4.998"/>
</testsuite> <!-- runner.TestRunner -->
